<?xml version="1.0" encoding="UTF-8"?>
<testng-results ignored="0" total="1" passed="1" failed="0" skipped="0">
  <reporter-output>
  </reporter-output>
  <suite started-at="2023-02-17T12:37:32 IST" name="InterviewTask_techStalWarts" finished-at="2023-02-17T12:37:58 IST" duration-ms="26123">
    <groups>
    </groups>
    <test started-at="2023-02-17T12:37:32 IST" name="Interview Test" finished-at="2023-02-17T12:37:58 IST" duration-ms="26123">
      <class name="com.TechStalWarts.testCase.TC_LogInTest">
        <test-method is-config="true" signature="setup()[pri:0, instance:com.TechStalWarts.testCase.TC_LogInTest@4b741d6d]" started-at="2023-02-17T12:37:34 IST" name="setup" finished-at="2023-02-17T12:37:53 IST" duration-ms="19029" status="PASS">
          <reporter-output>
          </reporter-output>
        </test-method> <!-- setup -->
        <test-method signature="LogInwithoutCred(java.util.Map)[pri:0, instance:com.TechStalWarts.testCase.TC_LogInTest@4b741d6d]" started-at="2023-02-17T12:37:53 IST" name="LogInwithoutCred" description="To check LogIn Without Credentials" data-provider="getData" finished-at="2023-02-17T12:37:56 IST" duration-ms="2702" status="PASS">
          <params>
            <param index="0">
              <value>
                <![CDATA[{password=, FirstName=, ImagePath=, LastName=, testname=LogInwithoutCred, execute=yes, username=}]]>
              </value>
            </param>
          </params>
          <reporter-output>
          </reporter-output>
        </test-method> <!-- LogInwithoutCred -->
        <test-method is-config="true" signature="tearDown()[pri:0, instance:com.TechStalWarts.testCase.TC_LogInTest@4b741d6d]" started-at="2023-02-17T12:37:56 IST" name="tearDown" finished-at="2023-02-17T12:37:58 IST" duration-ms="1803" status="PASS">
          <reporter-output>
          </reporter-output>
        </test-method> <!-- tearDown -->
      </class> <!-- com.TechStalWarts.testCase.TC_LogInTest -->
    </test> <!-- Interview Test -->
  </suite> <!-- InterviewTask_techStalWarts -->
</testng-results>
